<?xml version="1.0" encoding="UTF-8"?>
<!-- Generated by org.testng.reporters.JUnitReportReporter -->
<testsuite hostname="DESKTOP-F4P53H7" failures="0" tests="2" name="Test.AulasCareDataOperatorSide" time="20.175" errors="1" timestamp="2022-12-02T17:31:50 IST" skipped="1">
  <testcase classname="Test.AulasCareDataOperatorSide" name="doLoginOperation" time="20.175">
    <error message="The local appium server has not been started. The given Node.js executable: C:\Program Files\nodejs\node.exe Arguments: [C:\Users\Vinitha\AppData\Roaming\npm\node_modules\appium\build\lib\main.js, --port, 4723, --address, 127.0.0.1] 
Process output: [35m[Appium][39m Welcome to Appium v1.22.3
[35m[Appium][39m Non-default server args:
[35m[Appium][39m   address: 127.0.0.1
[35m[Appium][39m Appium REST http interface listener started on 127.0.0.1:4723
[35m[HTTP][39m [37m--&gt;[39m [37mGET[39m [37m/status[39m
[35m[HTTP][39m [90m{}[39m
[debug] [35m[HTTP][39m No route found for /status
[35m[HTTP][39m [37m&lt;-- GET /status [39m[33m404[39m [90m19 ms - 211[39m
[35m[HTTP][39m [90m[39m
[35m[HTTP][39m [37m--&gt;[39m [37mGET[39m [37m/status[39m
[35m[HTTP][39m [90m{}[39m
[debug] [35m[HTTP][39m No route found for /status
[35m[HTTP][39m [37m&lt;-- GET /status [39m[33m404[39m [90m12 ms - 211[39m
[35m[HTTP][39m [90m[39m
[35m[HTTP][39m [37m--&gt;[39m [37mGET[39m [37m/status[39m
[35m[HTTP][39m [90m{}[39m
[debug] [35m[HTTP][39m No route found for /status
[35m[HTTP][39m [37m&lt;-- GET /status [39m[33m404[39m [90m4 ms - 211[39m
[35m[HTTP][39m [90m[39m
[35m[HTTP][39m [37m--&gt;[39m [37mGET[39m [37m/status[39m
[35m[HTTP][39m [90m{}[39m
[debug] [35m[HTTP][39m No route found for /status
[35m[HTTP][39m [37m&lt;-- GET /status [39m[33m404[39m [90m3 ms - 211[39m
[35m[HTTP][39m [90m[39m
[35m[HTTP][39m [37m--&gt;[39m [37mGET[39m [37m/status[39m
[35m[HTTP][39m [90m{}[39m
[debug] [35m[HTTP][39m No route found for /status
[35m[HTTP][39m [37m&lt;-- GET /status [39m[33m404[39m [90m3 ms - 211[39m
[35m[HTTP][39m [90m[39m
[35m[HTTP][39m [37m--&gt;[39m [37mGET[39m [37m/status[39m
[35m[HTTP][39m [90m{}[39m
[debug] [35m[HTTP][39m No route found for /status
[35m[HTTP][39m [37m&lt;-- GET /status [39m[33m404[39m [90m3 ms - 211[39m
[35m[HTTP][39m [90m[39m
[35m[HTTP][39m [37m--&gt;[39m [37mGET[39m [37m/status[39m
[35m[HTTP][39m [90m{}[39m
[debug] [35m[HTTP][39m No route found for /status
[35m[HTTP][39m [37m&lt;-- GET /status [39m[33m404[39m [90m2 ms - 211[39m
[35m[HTTP][39m [90m[39m
[35m[HTTP][39m [37m--&gt;[39m [37mGET[39m [37m/status[39m
[35m[HTTP][39m [90m{}[39m
[debug] [35m[HTTP][39m No route found for /status
[35m[HTTP][39m [37m&lt;-- GET /status [39m[33m404[39m [90m2 ms - 211[39m
[35m[HTTP][39m [90m[39m
[35m[HTTP][39m [37m--&gt;[39m [37mGET[39m [37m/status[39m
[35m[HTTP][39m [90m{}[39m
[debug] [35m[HTTP][39m No route found for /status
[35m[HTTP][39m [37m&lt;-- GET /status [39m[33m404[39m [90m3 ms - 211[39m
[35m[HTTP][39m [90m[39m
[35m[HTTP][39m [37m--&gt;[39m [37mGET[39m [37m/status[39m
[35m[HTTP][39m [90m{}[39m
[debug] [35m[HTTP][39m No route found for /status
[35m[HTTP][39m [37m&lt;-- GET /status [39m[33m404[39m [90m3 ms - 211[39m
[35m[HTTP][39m [90m[39m
[35m[HTTP][39m [37m--&gt;[39m [37mGET[39m [37m/status[39m
[35m[HTTP][39m [90m{}[39m
[debug] [35m[HTTP][39m No route found for /status
[35m[HTTP][39m [37m&lt;-- GET /status [39m[33m404[39m [90m3 ms - 211[39m
[35m[HTTP][39m [90m[39m
[35m[HTTP][39m [37m--&gt;[39m [37mGET[39m [37m/status[39m
[35m[HTTP][39m [90m{}[39m
[debug] [35m[HTTP][39m No route found for /status
[35m[HTTP][39m [37m&lt;-- GET /status [39m[33m404[39m [90m2 ms - 211[39m
[35m[HTTP][39m [90m[39m
[35m[HTTP][39m [37m--&gt;[39m [37mGET[39m [37m/status[39m
[35m[HTTP][39m [90m{}[39m
[debug] [35m[HTTP][39m No route found for /status
[35m[HTTP][39m [37m&lt;-- GET /status [39m[33m404[39m [90m3 ms - 211[39m
[35m[HTTP][39m [90m[39m
[35m[HTTP][39m [37m--&gt;[39m [37mGET[39m [37m/status[39m
[35m[HTTP][39m [90m{}[39m
[debug] [35m[HTTP][39m No route found for /status
[35m[HTTP][39m [37m&lt;-- GET /status [39m[33m404[39m [90m3 ms - 211[39m
[35m[HTTP][39m [90m[39m
[35m[HTTP][39m [37m--&gt;[39m [37mGET[39m [37m/status[39m
[35m[HTTP][39m [90m{}[39m
[debug] [35m[HTTP][39m No route found for /status
[35m[HTTP][39m [37m&lt;-- GET /status [39m[33m404[39m [90m2 ms - 211[39m
[35m[HTTP][39m [90m[39m
[35m[HTTP][39m [37m--&gt;[39m [37mGET[39m [37m/status[39m
[35m[HTTP][39m [90m{}[39m
[debug] [35m[HTTP][39m No route found for /status
[35m[HTTP][39m [37m&lt;-- GET /status [39m[33m404[39m [90m3 ms - 211[39m
[35m[HTTP][39m [90m[39m
[35m[HTTP][39m [37m--&gt;[39m [37mGET[39m [37m/status[39m
[35m[HTTP][39m [90m{}[39m
[debug] [35m[HTTP][39m No route found for /status
[35m[HTTP][39m [37m&lt;-- GET /status [39m[33m404[39m [90m3 ms - 211[39m
[35m[HTTP][39m [90m[39m
[35m[HTTP][39m [37m--&gt;[39m [37mGET[39m [37m/status[39m
[35m[HTTP][39m [90m{}[39m
[debug] [35m[HTTP][39m No route found for /status
[35m[HTTP][39m [37m&lt;-- GET /status [39m[33m404[39m [90m3 ms - 211[39m
[35m[HTTP][39m [90m[39m
[35m[HTTP][39m [37m--&gt;[39m [37mGET[39m [37m/status[39m
[35m[HTTP][39m [90m{}[39m
[debug] [35m[HTTP][39m No route found for /status
[35m[HTTP][39m [37m&lt;-- GET /status [39m[33m404[39m [90m3 ms - 211[39m
[35m[HTTP][39m [90m[39m
[35m[HTTP][39m [37m--&gt;[39m [37mGET[39m [37m/status[39m
[35m[HTTP][39m [90m{}[39m
[debug] [35m[HTTP][39m No route found for /status
[35m[HTTP][39m [37m&lt;-- GET /status [39m[33m404[39m [90m3 ms - 211[39m
[35m[HTTP][39m [90m[39m
[35m[HTTP][39m [37m--&gt;[39m [37mGET[39m [37m/status[39m
[35m[HTTP][39m [90m{}[39m
[debug] [35m[HTTP][39m No route found for /status
[35m[HTTP][39m [37m&lt;-- GET /status [39m[33m404[39m [90m3 ms - 211[39m
[35m[HTTP][39m [90m[39m
[35m[HTTP][39m [37m--&gt;[39m [37mGET[39m [37m/status[39m
[35m[HTTP][39m [90m{}[39m
[debug] [35m[HTTP][39m No route found for /status
[35m[HTTP][39m [37m&lt;-- GET /status [39m[33m404[39m [90m2 ms - 211[39m
[35m[HTTP][39m [90m[39m
[35m[HTTP][39m [37m--&gt;[39m [37mGET[39m [37m/status[39m
[35m[HTTP][39m [90m{}[39m
[debug] [35m[HTTP][39m No route found for /status
[35m[HTTP][39m [37m&lt;-- GET /status [39m[33m404[39m [90m3 ms - 211[39m
[35m[HTTP][39m [90m[39m
[35m[HTTP][39m [37m--&gt;[39m [37mGET[39m [37m/status[39m
[35m[HTTP][39m [90m{}[39m
[debug] [35m[HTTP][39m No route found for /status
[35m[HTTP][39m [37m&lt;-- GET /status [39m[33m404[39m [90m3 ms - 211[39m
[35m[HTTP][39m [90m[39m
[35m[HTTP][39m [37m--&gt;[39m [37mGET[39m [37m/status[39m
[35m[HTTP][39m [90m{}[39m
[debug] [35m[HTTP][39m No route found for /status
[35m[HTTP][39m [37m&lt;-- GET /status [39m[33m404[39m [90m3 ms - 211[39m
[35m[HTTP][39m [90m[39m
[35m[HTTP][39m [37m--&gt;[39m [37mGET[39m [37m/status[39m
[35m[HTTP][39m [90m{}[39m
[debug] [35m[HTTP][39m No route found for /status
[35m[HTTP][39m [37m&lt;-- GET /status [39m[33m404[39m [90m1 ms - 211[39m
[35m[HTTP][39m [90m[39m
[35m[HTTP][39m [37m--&gt;[39m [37mGET[39m [37m/status[39m
[35m[HTTP][39m [90m{}[39m
[debug] [35m[HTTP][39m No route found for /status
[35m[HTTP][39m [37m&lt;-- GET /status [39m[33m404[39m [90m3 ms - 211[39m
[35m[HTTP][39m [90m[39m
[35m[HTTP][39m [37m--&gt;[39m [37mGET[39m [37m/status[39m
[35m[HTTP][39m [90m{}[39m
[debug] [35m[HTTP][39m No route found for /status
[35m[HTTP][39m [37m&lt;-- GET /status [39m[33m404[39m [90m3 ms - 211[39m
[35m[HTTP][39m [90m[39m
[35m[HTTP][39m [37m--&gt;[39m [37mGET[39m [37m/status[39m
[35m[HTTP][39m [90m{}[39m
[debug] [35m[HTTP][39m No route found for /status
[35m[HTTP][39m [37m&lt;-- GET /status [39m[33m404[39m [90m3 ms - 211[39m
[35m[HTTP][39m [90m[39m
[35m[HTTP][39m [37m--&gt;[39m [37mGET[39m [37m/status[39m
[35m[HTTP][39m [90m{}[39m
[debug] [35m[HTTP][39m No route found for /status
[35m[HTTP][39m [37m&lt;-- GET /status [39m[33m404[39m [90m2 ms - 211[39m
[35m[HTTP][39m [90m[39m
[35m[HTTP][39m [37m--&gt;[39m [37mGET[39m [37m/status[39m
[35m[HTTP][39m [90m{}[39m
[debug] [35m[HTTP][39m No route found for /status
[35m[HTTP][39m [37m&lt;-- GET /status [39m[33m404[39m [90m3 ms - 211[39m
[35m[HTTP][39m [90m[39m
[35m[HTTP][39m [37m--&gt;[39m [37mGET[39m [37m/status[39m
[35m[HTTP][39m [90m{}[39m
[debug] [35m[HTTP][39m No route found for /status
[35m[HTTP][39m [37m&lt;-- GET /status [39m[33m404[39m [90m3 ms - 211[39m
[35m[HTTP][39m [90m[39m
[35m[HTTP][39m [37m--&gt;[39m [37mGET[39m [37m/status[39m
[35m[HTTP][39m [90m{}[39m
[debug] [35m[HTTP][39m No route found for /status
[35m[HTTP][39m [37m&lt;-- GET /status [39m[33m404[39m [90m3 ms - 211[39m
[35m[HTTP][39m [90m[39m
[35m[HTTP][39m [37m--&gt;[39m [37mGET[39m [37m/status[39m
[35m[HTTP][39m [90m{}[39m
[debug] [35m[HTTP][39m No route found for /status
[35m[HTTP][39m [37m&lt;-- GET /status [39m[33m404[39m [90m3 ms - 211[39m
[35m[HTTP][39m [90m[39m
[35m[HTTP][39m [37m--&gt;[39m [37mGET[39m [37m/status[39m
[35m[HTTP][39m [90m{}[39m
[debug] [35m[HTTP][39m No route found for /status
[35m[HTTP][39m [37m&lt;-- GET /status [39m[33m404[39m [90m3 ms - 211[39m
[35m[HTTP][39m [90m[39m
[35m[HTTP][39m [37m--&gt;[39m [37mGET[39m [37m/status[39m
[35m[HTTP][39m [90m{}[39m
[debug] [35m[HTTP][39m No route found for /status
[35m[HTTP][39m [37m&lt;-- GET /status [39m[33m404[39m [90m1 ms - 211[39m
[35m[HTTP][39m [90m[39m
[35m[HTTP][39m [37m--&gt;[39m [37mGET[39m [37m/status[39m
[35m[HTTP][39m [90m{}[39m
[debug] [35m[HTTP][39m No route found for /status
[35m[HTTP][39m [37m&lt;-- GET /status [39m[33m404[39m [90m3 ms - 211[39m
[35m[HTTP][39m [90m[39m
[35m[HTTP][39m [37m--&gt;[39m [37mGET[39m [37m/status[39m
[35m[HTTP][39m [90m{}[39m
[debug] [35m[HTTP][39m No route found for /status
[35m[HTTP][39m [37m&lt;-- GET /status [39m[33m404[39m [90m2 ms - 211[39m
[35m[HTTP][39m [90m[39m
[35m[HTTP][39m [37m--&gt;[39m [37mGET[39m [37m/status[39m
[35m[HTTP][39m [90m{}[39m
[debug] [35m[HTTP][39m No route found for /status
[35m[HTTP][39m [37m&lt;-- GET /status [39m[33m404[39m [90m3 ms - 211[39m
[35m[HTTP][39m [90m[39m
[35m[HTTP][39m [37m--&gt;[39m [37mGET[39m [37m/status[39m
[35m[HTTP][39m [90m{}[39m
[debug] [35m[HTTP][39m No route found for /status
[35m[HTTP][39m [37m&lt;-- GET /status [39m[33m404[39m [90m2 ms - 211[39m
[35m[HTTP][39m [90m[39m
[35m[HTTP][39m [37m--&gt;[39m [37mGET[39m [37m/status[39m
[35m[HTTP][39m [90m{}[39m
[debug] [35m[HTTP][39m No route found for /status
[35m[HTTP][39m [37m&lt;-- GET /status [39m[33m404[39m [90m1 ms - 211[39m
[35m[HTTP][39m [90m[39m
[35m[HTTP][39m [37m--&gt;[39m [37mGET[39m [37m/status[39m
[35m[HTTP][39m [90m{}[39m
[debug] [35m[HTTP][39m No route found for /status
[35m[HTTP][39m [37m&lt;-- GET /status [39m[33m404[39m [90m2 ms - 211[39m
[35m[HTTP][39m [90m[39m
[35m[HTTP][39m [37m--&gt;[39m [37mGET[39m [37m/status[39m
[35m[HTTP][39m [90m{}[39m
[debug] [35m[HTTP][39m No route found for /status
[35m[HTTP][39m [37m&lt;-- GET /status [39m[33m404[39m [90m2 ms - 211[39m
[35m[HTTP][39m [90m[39m
[35m[HTTP][39m [37m--&gt;[39m [37mGET[39m [37m/status[39m
[35m[HTTP][39m [90m{}[39m
[debug] [35m[HTTP][39m No route found for /status
[35m[HTTP][39m [37m&lt;-- GET /status [39m[33m404[39m [90m3 ms - 211[39m
[35m[HTTP][39m [90m[39m
[35m[HTTP][39m [37m--&gt;[39m [37mGET[39m [37m/status[39m
[35m[HTTP][39m [90m{}[39m
[debug] [35m[HTTP][39m No route found for /status
[35m[HTTP][39m [37m&lt;-- GET /status [39m[33m404[39m [90m2 ms - 211[39m
[35m[HTTP][39m [90m[39m
[35m[HTTP][39m [37m--&gt;[39m [37mGET[39m [37m/status[39m
[35m[HTTP][39m [90m{}[39m
[debug] [35m[HTTP][39m No route found for /status
[35m[HTTP][39m [37m&lt;-- GET /status [39m[33m404[39m [90m2 ms - 211[39m
[35m[HTTP][39m [90m[39m
[35m[HTTP][39m [37m--&gt;[39m [37mGET[39m [37m/status[39m
[35m[HTTP][39m [90m{}[39m
[debug] [35m[HTTP][39m No route found for /status
[35m[HTTP][39m [37m&lt;-- GET /status [39m[33m404[39m [90m2 ms - 211[39m
[35m[HTTP][39m [90m[39m
[35m[HTTP][39m [37m--&gt;[39m [37mGET[39m [37m/status[39m
[35m[HTTP][39m [90m{}[39m
[debug] [35m[HTTP][39m No route found for /status
[35m[HTTP][39m [37m&lt;-- GET /status [39m[33m404[39m [90m2 ms - 211[39m
[35m[HTTP][39m [90m[39m
[35m[HTTP][39m [37m--&gt;[39m [37mGET[39m [37m/status[39m
[35m[HTTP][39m [90m{}[39m
[debug] [35m[HTTP][39m No route found for /status
[35m[HTTP][39m [37m&lt;-- GET /status [39m[33m404[39m [90m2 ms - 211[39m
[35m[HTTP][39m [90m[39m
[35m[HTTP][39m [37m--&gt;[39m [37mGET[39m [37m/status[39m
[35m[HTTP][39m [90m{}[39m
[debug] [35m[HTTP][39m No route found for /status
[35m[HTTP][39m [37m&lt;-- GET /status [39m[33m404[39m [90m2 ms - 211[39m
[35m[HTTP][39m [90m[39m
[35m[HTTP][39m [37m--&gt;[39m [37mGET[39m [37m/status[39m
[35m[HTTP][39m [90m{}[39m
[debug] [35m[HTTP][39m No route found for /status
[35m[HTTP][39m [37m&lt;-- GET /status [39m[33m404[39m [90m2 ms - 211[39m
[35m[HTTP][39m [90m[39m
[35m[HTTP][39m [37m--&gt;[39m [37mGET[39m [37m/status[39m
[35m[HTTP][39m [90m{}[39m
[debug] [35m[HTTP][39m No route found for /status
[35m[HTTP][39m [37m&lt;-- GET /status [39m[33m404[39m [90m2 ms - 211[39m
[35m[HTTP][39m [90m[39m
[35m[HTTP][39m [37m--&gt;[39m [37mGET[39m [37m/status[39m
[35m[HTTP][39m [90m{}[39m
[debug] [35m[HTTP][39m No route found for /status
[35m[HTTP][39m [37m&lt;-- GET /status [39m[33m404[39m [90m2 ms - 211[39m
[35m[HTTP][39m [90m[39m
[35m[HTTP][39m [37m--&gt;[39m [37mGET[39m [37m/status[39m
[35m[HTTP][39m [90m{}[39m
[debug] [35m[HTTP][39m No route found for /status
[35m[HTTP][39m [37m&lt;-- GET /status [39m[33m404[39m [90m3 ms - 211[39m
[35m[HTTP][39m [90m[39m
[35m[HTTP][39m [37m--&gt;[39m [37mGET[39m [37m/status[39m
[35m[HTTP][39m [90m{}[39m
[debug] [35m[HTTP][39m No route found for /status
[35m[HTTP][39m [37m&lt;-- GET /status [39m[33m404[39m [90m3 ms - 211[39m
[35m[HTTP][39m [90m[39m

" type="io.appium.java_client.service.local.AppiumServerHasNotBeenStartedLocallyException">
      <![CDATA[io.appium.java_client.service.local.AppiumServerHasNotBeenStartedLocallyException: The local appium server has not been started. The given Node.js executable: C:\Program Files\nodejs\node.exe Arguments: [C:\Users\Vinitha\AppData\Roaming\npm\node_modules\appium\build\lib\main.js, --port, 4723, --address, 127.0.0.1] 
Process output: [35m[Appium][39m Welcome to Appium v1.22.3
[35m[Appium][39m Non-default server args:
[35m[Appium][39m   address: 127.0.0.1
[35m[Appium][39m Appium REST http interface listener started on 127.0.0.1:4723
[35m[HTTP][39m [37m-->[39m [37mGET[39m [37m/status[39m
[35m[HTTP][39m [90m{}[39m
[debug] [35m[HTTP][39m No route found for /status
[35m[HTTP][39m [37m<-- GET /status [39m[33m404[39m [90m19 ms - 211[39m
[35m[HTTP][39m [90m[39m
[35m[HTTP][39m [37m-->[39m [37mGET[39m [37m/status[39m
[35m[HTTP][39m [90m{}[39m
[debug] [35m[HTTP][39m No route found for /status
[35m[HTTP][39m [37m<-- GET /status [39m[33m404[39m [90m12 ms - 211[39m
[35m[HTTP][39m [90m[39m
[35m[HTTP][39m [37m-->[39m [37mGET[39m [37m/status[39m
[35m[HTTP][39m [90m{}[39m
[debug] [35m[HTTP][39m No route found for /status
[35m[HTTP][39m [37m<-- GET /status [39m[33m404[39m [90m4 ms - 211[39m
[35m[HTTP][39m [90m[39m
[35m[HTTP][39m [37m-->[39m [37mGET[39m [37m/status[39m
[35m[HTTP][39m [90m{}[39m
[debug] [35m[HTTP][39m No route found for /status
[35m[HTTP][39m [37m<-- GET /status [39m[33m404[39m [90m3 ms - 211[39m
[35m[HTTP][39m [90m[39m
[35m[HTTP][39m [37m-->[39m [37mGET[39m [37m/status[39m
[35m[HTTP][39m [90m{}[39m
[debug] [35m[HTTP][39m No route found for /status
[35m[HTTP][39m [37m<-- GET /status [39m[33m404[39m [90m3 ms - 211[39m
[35m[HTTP][39m [90m[39m
[35m[HTTP][39m [37m-->[39m [37mGET[39m [37m/status[39m
[35m[HTTP][39m [90m{}[39m
[debug] [35m[HTTP][39m No route found for /status
[35m[HTTP][39m [37m<-- GET /status [39m[33m404[39m [90m3 ms - 211[39m
[35m[HTTP][39m [90m[39m
[35m[HTTP][39m [37m-->[39m [37mGET[39m [37m/status[39m
[35m[HTTP][39m [90m{}[39m
[debug] [35m[HTTP][39m No route found for /status
[35m[HTTP][39m [37m<-- GET /status [39m[33m404[39m [90m2 ms - 211[39m
[35m[HTTP][39m [90m[39m
[35m[HTTP][39m [37m-->[39m [37mGET[39m [37m/status[39m
[35m[HTTP][39m [90m{}[39m
[debug] [35m[HTTP][39m No route found for /status
[35m[HTTP][39m [37m<-- GET /status [39m[33m404[39m [90m2 ms - 211[39m
[35m[HTTP][39m [90m[39m
[35m[HTTP][39m [37m-->[39m [37mGET[39m [37m/status[39m
[35m[HTTP][39m [90m{}[39m
[debug] [35m[HTTP][39m No route found for /status
[35m[HTTP][39m [37m<-- GET /status [39m[33m404[39m [90m3 ms - 211[39m
[35m[HTTP][39m [90m[39m
[35m[HTTP][39m [37m-->[39m [37mGET[39m [37m/status[39m
[35m[HTTP][39m [90m{}[39m
[debug] [35m[HTTP][39m No route found for /status
[35m[HTTP][39m [37m<-- GET /status [39m[33m404[39m [90m3 ms - 211[39m
[35m[HTTP][39m [90m[39m
[35m[HTTP][39m [37m-->[39m [37mGET[39m [37m/status[39m
[35m[HTTP][39m [90m{}[39m
[debug] [35m[HTTP][39m No route found for /status
[35m[HTTP][39m [37m<-- GET /status [39m[33m404[39m [90m3 ms - 211[39m
[35m[HTTP][39m [90m[39m
[35m[HTTP][39m [37m-->[39m [37mGET[39m [37m/status[39m
[35m[HTTP][39m [90m{}[39m
[debug] [35m[HTTP][39m No route found for /status
[35m[HTTP][39m [37m<-- GET /status [39m[33m404[39m [90m2 ms - 211[39m
[35m[HTTP][39m [90m[39m
[35m[HTTP][39m [37m-->[39m [37mGET[39m [37m/status[39m
[35m[HTTP][39m [90m{}[39m
[debug] [35m[HTTP][39m No route found for /status
[35m[HTTP][39m [37m<-- GET /status [39m[33m404[39m [90m3 ms - 211[39m
[35m[HTTP][39m [90m[39m
[35m[HTTP][39m [37m-->[39m [37mGET[39m [37m/status[39m
[35m[HTTP][39m [90m{}[39m
[debug] [35m[HTTP][39m No route found for /status
[35m[HTTP][39m [37m<-- GET /status [39m[33m404[39m [90m3 ms - 211[39m
[35m[HTTP][39m [90m[39m
[35m[HTTP][39m [37m-->[39m [37mGET[39m [37m/status[39m
[35m[HTTP][39m [90m{}[39m
[debug] [35m[HTTP][39m No route found for /status
[35m[HTTP][39m [37m<-- GET /status [39m[33m404[39m [90m2 ms - 211[39m
[35m[HTTP][39m [90m[39m
[35m[HTTP][39m [37m-->[39m [37mGET[39m [37m/status[39m
[35m[HTTP][39m [90m{}[39m
[debug] [35m[HTTP][39m No route found for /status
[35m[HTTP][39m [37m<-- GET /status [39m[33m404[39m [90m3 ms - 211[39m
[35m[HTTP][39m [90m[39m
[35m[HTTP][39m [37m-->[39m [37mGET[39m [37m/status[39m
[35m[HTTP][39m [90m{}[39m
[debug] [35m[HTTP][39m No route found for /status
[35m[HTTP][39m [37m<-- GET /status [39m[33m404[39m [90m3 ms - 211[39m
[35m[HTTP][39m [90m[39m
[35m[HTTP][39m [37m-->[39m [37mGET[39m [37m/status[39m
[35m[HTTP][39m [90m{}[39m
[debug] [35m[HTTP][39m No route found for /status
[35m[HTTP][39m [37m<-- GET /status [39m[33m404[39m [90m3 ms - 211[39m
[35m[HTTP][39m [90m[39m
[35m[HTTP][39m [37m-->[39m [37mGET[39m [37m/status[39m
[35m[HTTP][39m [90m{}[39m
[debug] [35m[HTTP][39m No route found for /status
[35m[HTTP][39m [37m<-- GET /status [39m[33m404[39m [90m3 ms - 211[39m
[35m[HTTP][39m [90m[39m
[35m[HTTP][39m [37m-->[39m [37mGET[39m [37m/status[39m
[35m[HTTP][39m [90m{}[39m
[debug] [35m[HTTP][39m No route found for /status
[35m[HTTP][39m [37m<-- GET /status [39m[33m404[39m [90m3 ms - 211[39m
[35m[HTTP][39m [90m[39m
[35m[HTTP][39m [37m-->[39m [37mGET[39m [37m/status[39m
[35m[HTTP][39m [90m{}[39m
[debug] [35m[HTTP][39m No route found for /status
[35m[HTTP][39m [37m<-- GET /status [39m[33m404[39m [90m3 ms - 211[39m
[35m[HTTP][39m [90m[39m
[35m[HTTP][39m [37m-->[39m [37mGET[39m [37m/status[39m
[35m[HTTP][39m [90m{}[39m
[debug] [35m[HTTP][39m No route found for /status
[35m[HTTP][39m [37m<-- GET /status [39m[33m404[39m [90m2 ms - 211[39m
[35m[HTTP][39m [90m[39m
[35m[HTTP][39m [37m-->[39m [37mGET[39m [37m/status[39m
[35m[HTTP][39m [90m{}[39m
[debug] [35m[HTTP][39m No route found for /status
[35m[HTTP][39m [37m<-- GET /status [39m[33m404[39m [90m3 ms - 211[39m
[35m[HTTP][39m [90m[39m
[35m[HTTP][39m [37m-->[39m [37mGET[39m [37m/status[39m
[35m[HTTP][39m [90m{}[39m
[debug] [35m[HTTP][39m No route found for /status
[35m[HTTP][39m [37m<-- GET /status [39m[33m404[39m [90m3 ms - 211[39m
[35m[HTTP][39m [90m[39m
[35m[HTTP][39m [37m-->[39m [37mGET[39m [37m/status[39m
[35m[HTTP][39m [90m{}[39m
[debug] [35m[HTTP][39m No route found for /status
[35m[HTTP][39m [37m<-- GET /status [39m[33m404[39m [90m3 ms - 211[39m
[35m[HTTP][39m [90m[39m
[35m[HTTP][39m [37m-->[39m [37mGET[39m [37m/status[39m
[35m[HTTP][39m [90m{}[39m
[debug] [35m[HTTP][39m No route found for /status
[35m[HTTP][39m [37m<-- GET /status [39m[33m404[39m [90m1 ms - 211[39m
[35m[HTTP][39m [90m[39m
[35m[HTTP][39m [37m-->[39m [37mGET[39m [37m/status[39m
[35m[HTTP][39m [90m{}[39m
[debug] [35m[HTTP][39m No route found for /status
[35m[HTTP][39m [37m<-- GET /status [39m[33m404[39m [90m3 ms - 211[39m
[35m[HTTP][39m [90m[39m
[35m[HTTP][39m [37m-->[39m [37mGET[39m [37m/status[39m
[35m[HTTP][39m [90m{}[39m
[debug] [35m[HTTP][39m No route found for /status
[35m[HTTP][39m [37m<-- GET /status [39m[33m404[39m [90m3 ms - 211[39m
[35m[HTTP][39m [90m[39m
[35m[HTTP][39m [37m-->[39m [37mGET[39m [37m/status[39m
[35m[HTTP][39m [90m{}[39m
[debug] [35m[HTTP][39m No route found for /status
[35m[HTTP][39m [37m<-- GET /status [39m[33m404[39m [90m3 ms - 211[39m
[35m[HTTP][39m [90m[39m
[35m[HTTP][39m [37m-->[39m [37mGET[39m [37m/status[39m
[35m[HTTP][39m [90m{}[39m
[debug] [35m[HTTP][39m No route found for /status
[35m[HTTP][39m [37m<-- GET /status [39m[33m404[39m [90m2 ms - 211[39m
[35m[HTTP][39m [90m[39m
[35m[HTTP][39m [37m-->[39m [37mGET[39m [37m/status[39m
[35m[HTTP][39m [90m{}[39m
[debug] [35m[HTTP][39m No route found for /status
[35m[HTTP][39m [37m<-- GET /status [39m[33m404[39m [90m3 ms - 211[39m
[35m[HTTP][39m [90m[39m
[35m[HTTP][39m [37m-->[39m [37mGET[39m [37m/status[39m
[35m[HTTP][39m [90m{}[39m
[debug] [35m[HTTP][39m No route found for /status
[35m[HTTP][39m [37m<-- GET /status [39m[33m404[39m [90m3 ms - 211[39m
[35m[HTTP][39m [90m[39m
[35m[HTTP][39m [37m-->[39m [37mGET[39m [37m/status[39m
[35m[HTTP][39m [90m{}[39m
[debug] [35m[HTTP][39m No route found for /status
[35m[HTTP][39m [37m<-- GET /status [39m[33m404[39m [90m3 ms - 211[39m
[35m[HTTP][39m [90m[39m
[35m[HTTP][39m [37m-->[39m [37mGET[39m [37m/status[39m
[35m[HTTP][39m [90m{}[39m
[debug] [35m[HTTP][39m No route found for /status
[35m[HTTP][39m [37m<-- GET /status [39m[33m404[39m [90m3 ms - 211[39m
[35m[HTTP][39m [90m[39m
[35m[HTTP][39m [37m-->[39m [37mGET[39m [37m/status[39m
[35m[HTTP][39m [90m{}[39m
[debug] [35m[HTTP][39m No route found for /status
[35m[HTTP][39m [37m<-- GET /status [39m[33m404[39m [90m3 ms - 211[39m
[35m[HTTP][39m [90m[39m
[35m[HTTP][39m [37m-->[39m [37mGET[39m [37m/status[39m
[35m[HTTP][39m [90m{}[39m
[debug] [35m[HTTP][39m No route found for /status
[35m[HTTP][39m [37m<-- GET /status [39m[33m404[39m [90m1 ms - 211[39m
[35m[HTTP][39m [90m[39m
[35m[HTTP][39m [37m-->[39m [37mGET[39m [37m/status[39m
[35m[HTTP][39m [90m{}[39m
[debug] [35m[HTTP][39m No route found for /status
[35m[HTTP][39m [37m<-- GET /status [39m[33m404[39m [90m3 ms - 211[39m
[35m[HTTP][39m [90m[39m
[35m[HTTP][39m [37m-->[39m [37mGET[39m [37m/status[39m
[35m[HTTP][39m [90m{}[39m
[debug] [35m[HTTP][39m No route found for /status
[35m[HTTP][39m [37m<-- GET /status [39m[33m404[39m [90m2 ms - 211[39m
[35m[HTTP][39m [90m[39m
[35m[HTTP][39m [37m-->[39m [37mGET[39m [37m/status[39m
[35m[HTTP][39m [90m{}[39m
[debug] [35m[HTTP][39m No route found for /status
[35m[HTTP][39m [37m<-- GET /status [39m[33m404[39m [90m3 ms - 211[39m
[35m[HTTP][39m [90m[39m
[35m[HTTP][39m [37m-->[39m [37mGET[39m [37m/status[39m
[35m[HTTP][39m [90m{}[39m
[debug] [35m[HTTP][39m No route found for /status
[35m[HTTP][39m [37m<-- GET /status [39m[33m404[39m [90m2 ms - 211[39m
[35m[HTTP][39m [90m[39m
[35m[HTTP][39m [37m-->[39m [37mGET[39m [37m/status[39m
[35m[HTTP][39m [90m{}[39m
[debug] [35m[HTTP][39m No route found for /status
[35m[HTTP][39m [37m<-- GET /status [39m[33m404[39m [90m1 ms - 211[39m
[35m[HTTP][39m [90m[39m
[35m[HTTP][39m [37m-->[39m [37mGET[39m [37m/status[39m
[35m[HTTP][39m [90m{}[39m
[debug] [35m[HTTP][39m No route found for /status
[35m[HTTP][39m [37m<-- GET /status [39m[33m404[39m [90m2 ms - 211[39m
[35m[HTTP][39m [90m[39m
[35m[HTTP][39m [37m-->[39m [37mGET[39m [37m/status[39m
[35m[HTTP][39m [90m{}[39m
[debug] [35m[HTTP][39m No route found for /status
[35m[HTTP][39m [37m<-- GET /status [39m[33m404[39m [90m2 ms - 211[39m
[35m[HTTP][39m [90m[39m
[35m[HTTP][39m [37m-->[39m [37mGET[39m [37m/status[39m
[35m[HTTP][39m [90m{}[39m
[debug] [35m[HTTP][39m No route found for /status
[35m[HTTP][39m [37m<-- GET /status [39m[33m404[39m [90m3 ms - 211[39m
[35m[HTTP][39m [90m[39m
[35m[HTTP][39m [37m-->[39m [37mGET[39m [37m/status[39m
[35m[HTTP][39m [90m{}[39m
[debug] [35m[HTTP][39m No route found for /status
[35m[HTTP][39m [37m<-- GET /status [39m[33m404[39m [90m2 ms - 211[39m
[35m[HTTP][39m [90m[39m
[35m[HTTP][39m [37m-->[39m [37mGET[39m [37m/status[39m
[35m[HTTP][39m [90m{}[39m
[debug] [35m[HTTP][39m No route found for /status
[35m[HTTP][39m [37m<-- GET /status [39m[33m404[39m [90m2 ms - 211[39m
[35m[HTTP][39m [90m[39m
[35m[HTTP][39m [37m-->[39m [37mGET[39m [37m/status[39m
[35m[HTTP][39m [90m{}[39m
[debug] [35m[HTTP][39m No route found for /status
[35m[HTTP][39m [37m<-- GET /status [39m[33m404[39m [90m2 ms - 211[39m
[35m[HTTP][39m [90m[39m
[35m[HTTP][39m [37m-->[39m [37mGET[39m [37m/status[39m
[35m[HTTP][39m [90m{}[39m
[debug] [35m[HTTP][39m No route found for /status
[35m[HTTP][39m [37m<-- GET /status [39m[33m404[39m [90m2 ms - 211[39m
[35m[HTTP][39m [90m[39m
[35m[HTTP][39m [37m-->[39m [37mGET[39m [37m/status[39m
[35m[HTTP][39m [90m{}[39m
[debug] [35m[HTTP][39m No route found for /status
[35m[HTTP][39m [37m<-- GET /status [39m[33m404[39m [90m2 ms - 211[39m
[35m[HTTP][39m [90m[39m
[35m[HTTP][39m [37m-->[39m [37mGET[39m [37m/status[39m
[35m[HTTP][39m [90m{}[39m
[debug] [35m[HTTP][39m No route found for /status
[35m[HTTP][39m [37m<-- GET /status [39m[33m404[39m [90m2 ms - 211[39m
[35m[HTTP][39m [90m[39m
[35m[HTTP][39m [37m-->[39m [37mGET[39m [37m/status[39m
[35m[HTTP][39m [90m{}[39m
[debug] [35m[HTTP][39m No route found for /status
[35m[HTTP][39m [37m<-- GET /status [39m[33m404[39m [90m2 ms - 211[39m
[35m[HTTP][39m [90m[39m
[35m[HTTP][39m [37m-->[39m [37mGET[39m [37m/status[39m
[35m[HTTP][39m [90m{}[39m
[debug] [35m[HTTP][39m No route found for /status
[35m[HTTP][39m [37m<-- GET /status [39m[33m404[39m [90m2 ms - 211[39m
[35m[HTTP][39m [90m[39m
[35m[HTTP][39m [37m-->[39m [37mGET[39m [37m/status[39m
[35m[HTTP][39m [90m{}[39m
[debug] [35m[HTTP][39m No route found for /status
[35m[HTTP][39m [37m<-- GET /status [39m[33m404[39m [90m2 ms - 211[39m
[35m[HTTP][39m [90m[39m
[35m[HTTP][39m [37m-->[39m [37mGET[39m [37m/status[39m
[35m[HTTP][39m [90m{}[39m
[debug] [35m[HTTP][39m No route found for /status
[35m[HTTP][39m [37m<-- GET /status [39m[33m404[39m [90m3 ms - 211[39m
[35m[HTTP][39m [90m[39m
[35m[HTTP][39m [37m-->[39m [37mGET[39m [37m/status[39m
[35m[HTTP][39m [90m{}[39m
[debug] [35m[HTTP][39m No route found for /status
[35m[HTTP][39m [37m<-- GET /status [39m[33m404[39m [90m3 ms - 211[39m
[35m[HTTP][39m [90m[39m


at io.appium.java_client.service.local.AppiumDriverLocalService.start(AppiumDriverLocalService.java:190)
at Andriod_BaseTest.AulasBaseTest.startAppiumServer(AulasBaseTest.java:80)
at Andriod_BaseTest.AulasBaseTest.ConfigureAppium(AulasBaseTest.java:46)
at Test.AulasCareDataOperatorSide.doLoginOperation(AulasCareDataOperatorSide.java:32)
at java.base/jdk.internal.reflect.NativeMethodAccessorImpl.invoke0(Native Method)
at java.base/jdk.internal.reflect.NativeMethodAccessorImpl.invoke(NativeMethodAccessorImpl.java:77)
at java.base/jdk.internal.reflect.DelegatingMethodAccessorImpl.invoke(DelegatingMethodAccessorImpl.java:43)
at java.base/java.lang.reflect.Method.invoke(Method.java:568)
at org.testng.internal.invokers.MethodInvocationHelper.invokeMethod(MethodInvocationHelper.java:139)
at org.testng.internal.invokers.MethodInvocationHelper.invokeMethodConsideringTimeout(MethodInvocationHelper.java:69)
at org.testng.internal.invokers.ConfigInvoker.invokeConfigurationMethod(ConfigInvoker.java:361)
at org.testng.internal.invokers.ConfigInvoker.invokeConfigurations(ConfigInvoker.java:296)
at org.testng.SuiteRunner.privateRun(SuiteRunner.java:372)
at org.testng.SuiteRunner.run(SuiteRunner.java:330)
at org.testng.SuiteRunnerWorker.runSuite(SuiteRunnerWorker.java:52)
at org.testng.SuiteRunnerWorker.run(SuiteRunnerWorker.java:95)
at org.testng.TestNG.runSuitesSequentially(TestNG.java:1256)
at org.testng.TestNG.runSuitesLocally(TestNG.java:1176)
at org.testng.TestNG.runSuites(TestNG.java:1099)
at org.testng.TestNG.run(TestNG.java:1067)
at org.testng.remote.AbstractRemoteTestNG.run(AbstractRemoteTestNG.java:115)
at org.testng.remote.RemoteTestNG.initAndRun(RemoteTestNG.java:251)
at org.testng.remote.RemoteTestNG.main(RemoteTestNG.java:77)
Caused by: org.openqa.selenium.net.UrlChecker$TimeoutException: Timed out waiting for [http://127.0.0.1:4723/status] to be available after 20014 ms
at org.openqa.selenium.net.UrlChecker.waitUntilAvailable(UrlChecker.java:89)
at io.appium.java_client.service.local.AppiumDriverLocalService.ping(AppiumDriverLocalService.java:155)
at io.appium.java_client.service.local.AppiumDriverLocalService.start(AppiumDriverLocalService.java:177)
... 22 more
Caused by: java.util.concurrent.TimeoutException
at java.base/java.util.concurrent.FutureTask.get(FutureTask.java:204)
at org.openqa.selenium.net.UrlChecker.waitUntilAvailable(UrlChecker.java:87)
... 24 more
]]>
    </error>
  </testcase> <!-- doLoginOperation -->
  <system-out/>
  <testcase classname="Test.AulasCareDataOperatorSide" name="checkFAQs" time="0.000">
    <skipped/>
  </testcase> <!-- checkFAQs -->
  <system-out/>
</testsuite> <!-- Test.AulasCareDataOperatorSide -->
