<?xml version="1.0" encoding="UTF-8"?>
<!-- Generated by org.testng.reporters.JUnitReportReporter -->
<testsuite hostname="DESKTOP-F4P53H7" failures="0" tests="2" name="Test.AulasCareTeacherSide" time="9.690" errors="1" timestamp="2022-12-02T17:51:54 IST" skipped="1">
  <testcase classname="Test.AulasCareTeacherSide" name="doLoginOperation" time="9.690">
    <error message="Could not start a new session. Response code 500. Message: An unknown server-side error occurred while processing the command. Original error: Error getting device API level. Original error: Error executing adbExec. Original error: &#039;Command &#039;C:\\Users\\Vinitha\\AppData\\Local\\Android\\Sdk\\platform-tools\\adb.exe -P 5037 -s 9TZ95H8XQSDAGYFU shell getprop ro.build.version.sdk&#039; exited with code 1&#039;; Command output: adb.exe: device unauthorized.
This adb server&#039;s $ADB_VENDOR_KEYS is not set
Try &#039;adb kill-server&#039; if that seems wrong.
Otherwise check for a confirmation dialog on your device.
 
Host info: host: &#039;DESKTOP-F4P53H7&#039;, ip: &#039;192.168.56.1&#039;
Build info: version: &#039;4.6.0&#039;, revision: &#039;79f1c02ae20&#039;
System info: os.name: &#039;Windows 10&#039;, os.arch: &#039;amd64&#039;, os.version: &#039;10.0&#039;, java.version: &#039;17.0.4.1&#039;
Driver info: io.appium.java_client.android.AndroidDriver
Command: [null, newSession {capabilities=[{appium:chromedriverExecutable=C:\Users\Prabhakar\Documents\Drivers\chromedriver.exe, appium:deviceName=realme RMX3381, platformName=ANDROID, appium:automationName=UIAutomator2, appium:app=C:\Users\Vinitha\mobile_automation_aulas\MobileAulasCareCode\src\main\java\AppResource\app-release.apk}], desiredCapabilities=Capabilities {appium:app: C:\Users\Vinitha\mobile_aut..., appium:automationName: UIAutomator2, appium:chromedriverExecutable: C:\Users\Prabhakar\Document..., appium:deviceName: realme RMX3381, platformName: ANDROID}}]
Capabilities {}" type="org.openqa.selenium.SessionNotCreatedException">
      <![CDATA[org.openqa.selenium.SessionNotCreatedException: Could not start a new session. Response code 500. Message: An unknown server-side error occurred while processing the command. Original error: Error getting device API level. Original error: Error executing adbExec. Original error: 'Command 'C:\\Users\\Vinitha\\AppData\\Local\\Android\\Sdk\\platform-tools\\adb.exe -P 5037 -s 9TZ95H8XQSDAGYFU shell getprop ro.build.version.sdk' exited with code 1'; Command output: adb.exe: device unauthorized.
This adb server's $ADB_VENDOR_KEYS is not set
Try 'adb kill-server' if that seems wrong.
Otherwise check for a confirmation dialog on your device.
 
Host info: host: 'DESKTOP-F4P53H7', ip: '192.168.56.1'
Build info: version: '4.6.0', revision: '79f1c02ae20'
System info: os.name: 'Windows 10', os.arch: 'amd64', os.version: '10.0', java.version: '17.0.4.1'
Driver info: io.appium.java_client.android.AndroidDriver
Command: [null, newSession {capabilities=[{appium:chromedriverExecutable=C:\Users\Prabhakar\Documents\Drivers\chromedriver.exe, appium:deviceName=realme RMX3381, platformName=ANDROID, appium:automationName=UIAutomator2, appium:app=C:\Users\Vinitha\mobile_automation_aulas\MobileAulasCareCode\src\main\java\AppResource\app-release.apk}], desiredCapabilities=Capabilities {appium:app: C:\Users\Vinitha\mobile_aut..., appium:automationName: UIAutomator2, appium:chromedriverExecutable: C:\Users\Prabhakar\Document..., appium:deviceName: realme RMX3381, platformName: ANDROID}}]
Capabilities {}
at org.openqa.selenium.remote.ProtocolHandshake.createSession(ProtocolHandshake.java:146)
at java.base/jdk.internal.reflect.NativeMethodAccessorImpl.invoke0(Native Method)
at java.base/jdk.internal.reflect.NativeMethodAccessorImpl.invoke(NativeMethodAccessorImpl.java:77)
at java.base/jdk.internal.reflect.DelegatingMethodAccessorImpl.invoke(DelegatingMethodAccessorImpl.java:43)
at java.base/java.lang.reflect.Method.invoke(Method.java:568)
at io.appium.java_client.remote.AppiumProtocolHandshake.createSession(AppiumProtocolHandshake.java:126)
at io.appium.java_client.remote.AppiumProtocolHandshake.createSession(AppiumProtocolHandshake.java:102)
at io.appium.java_client.remote.AppiumCommandExecutor.createSession(AppiumCommandExecutor.java:146)
at io.appium.java_client.remote.AppiumCommandExecutor.execute(AppiumCommandExecutor.java:180)
at org.openqa.selenium.remote.RemoteWebDriver.execute(RemoteWebDriver.java:541)
at io.appium.java_client.AppiumDriver.startSession(AppiumDriver.java:224)
at org.openqa.selenium.remote.RemoteWebDriver.<init>(RemoteWebDriver.java:157)
at io.appium.java_client.AppiumDriver.<init>(AppiumDriver.java:79)
at io.appium.java_client.AppiumDriver.<init>(AppiumDriver.java:87)
at io.appium.java_client.android.AndroidDriver.<init>(AndroidDriver.java:116)
at Andriod_BaseTest.AulasBaseTest.ConfigureAppium(AulasBaseTest.java:66)
at Test.AulasCareTeacherSide.doLoginOperation(AulasCareTeacherSide.java:32)
at java.base/jdk.internal.reflect.NativeMethodAccessorImpl.invoke0(Native Method)
at java.base/jdk.internal.reflect.NativeMethodAccessorImpl.invoke(NativeMethodAccessorImpl.java:77)
at java.base/jdk.internal.reflect.DelegatingMethodAccessorImpl.invoke(DelegatingMethodAccessorImpl.java:43)
at java.base/java.lang.reflect.Method.invoke(Method.java:568)
at org.testng.internal.invokers.MethodInvocationHelper.invokeMethod(MethodInvocationHelper.java:139)
at org.testng.internal.invokers.MethodInvocationHelper.invokeMethodConsideringTimeout(MethodInvocationHelper.java:69)
at org.testng.internal.invokers.ConfigInvoker.invokeConfigurationMethod(ConfigInvoker.java:361)
at org.testng.internal.invokers.ConfigInvoker.invokeConfigurations(ConfigInvoker.java:296)
at org.testng.SuiteRunner.privateRun(SuiteRunner.java:372)
at org.testng.SuiteRunner.run(SuiteRunner.java:330)
at org.testng.SuiteRunnerWorker.runSuite(SuiteRunnerWorker.java:52)
at org.testng.SuiteRunnerWorker.run(SuiteRunnerWorker.java:95)
at org.testng.TestNG.runSuitesSequentially(TestNG.java:1256)
at org.testng.TestNG.runSuitesLocally(TestNG.java:1176)
at org.testng.TestNG.runSuites(TestNG.java:1099)
at org.testng.TestNG.run(TestNG.java:1067)
at org.testng.remote.AbstractRemoteTestNG.run(AbstractRemoteTestNG.java:115)
at org.testng.remote.RemoteTestNG.initAndRun(RemoteTestNG.java:251)
at org.testng.remote.RemoteTestNG.main(RemoteTestNG.java:77)
]]>
    </error>
  </testcase> <!-- doLoginOperation -->
  <system-out/>
  <testcase classname="Test.AulasCareTeacherSide" name="checkFAQs" time="0.000">
    <skipped/>
  </testcase> <!-- checkFAQs -->
  <system-out/>
</testsuite> <!-- Test.AulasCareTeacherSide -->
