<?xml version="1.0" encoding="UTF-8"?>
<!-- Generated by org.testng.reporters.JUnitReportReporter -->
<testsuite hostname="DESKTOP-L9VVM4M" failures="0" tests="1" name="Test.ScheduleModuleTeacherSide" time="61.735" errors="0" timestamp="2022-11-25T13:25:14 IST" skipped="0">
  <testcase classname="Test.ScheduleModuleTeacherSide" name="checkSchedule" time="61.735"/>
  <system-out/>
</testsuite> <!-- Test.ScheduleModuleTeacherSide -->
