<?xml version="1.0" encoding="UTF-8"?>
<!-- Generated by org.testng.reporters.JUnitReportReporter -->
<testsuite hostname="DESKTOP-IVTHCAK" failures="0" tests="1" name="Test.AulasWalletTeacherSide" time="27.408" errors="0" timestamp="2022-11-24T16:07:56 PST" skipped="0">
  <testcase classname="Test.AulasWalletTeacherSide" name="CheckKYCbtn" time="27.408"/>
  <system-out/>
</testsuite> <!-- Test.AulasWalletTeacherSide -->
